The target system is: Linux - 1 - aarch64
The host system is: Linux - 4.13.0-21-generic - x86_64
Compiling the CXX compiler identification source file "CMakeCXXCompilerId.cpp" succeeded.
Compiler: /home/longchair/github/longchair/LibreELEC.tv/build.PlexMediaPlayer-ROCK64.aarch64-9.0-devel/toolchain/bin/aarch64-libreelec-linux-gnueabi-g++ 
Build flags: -march=armv8-a+crc+crypto;-mabi=lp64;-Wno-psabi;-mcpu=cortex-a53+crc+crypto;-fomit-frame-pointer;-Wall;-pipe;-Os;
Id flags:  

The output was:
0


Compilation of the CXX compiler identification source "CMakeCXXCompilerId.cpp" produced "a.out"

The CXX compiler identification is GNU, found in "/home/longchair/github/longchair/LibreELEC.tv/build.PlexMediaPlayer-ROCK64.aarch64-9.0-devel/plexmediaplayer-dist-ninja/.aarch64-libreelec-linux-gnueabi/CMakeFiles/3.10.0/CompilerIdCXX/a.out"

Compiling the C compiler identification source file "CMakeCCompilerId.c" succeeded.
Compiler: /home/longchair/github/longchair/LibreELEC.tv/build.PlexMediaPlayer-ROCK64.aarch64-9.0-devel/toolchain/bin/aarch64-libreelec-linux-gnueabi-gcc 
Build flags: -march=armv8-a+crc+crypto;-mabi=lp64;-Wno-psabi;-mcpu=cortex-a53+crc+crypto;-fomit-frame-pointer;-Wall;-pipe;-Os;
Id flags:  

The output was:
0


Compilation of the C compiler identification source "CMakeCCompilerId.c" produced "a.out"

The C compiler identification is GNU, found in "/home/longchair/github/longchair/LibreELEC.tv/build.PlexMediaPlayer-ROCK64.aarch64-9.0-devel/plexmediaplayer-dist-ninja/.aarch64-libreelec-linux-gnueabi/CMakeFiles/3.10.0/CompilerIdC/a.out"

Determining if the CXX compiler works passed with the following output:
Change Dir: /home/longchair/github/longchair/LibreELEC.tv/build.PlexMediaPlayer-ROCK64.aarch64-9.0-devel/plexmediaplayer-dist-ninja/.aarch64-libreelec-linux-gnueabi/CMakeFiles/CMakeTmp

Run Build Command:"/home/longchair/github/longchair/LibreELEC.tv/build.PlexMediaPlayer-ROCK64.aarch64-9.0-devel/toolchain/bin/ninja" "cmTC_3fe7b"
[1/2] Building CXX object CMakeFiles/cmTC_3fe7b.dir/testCXXCompiler.cxx.o
[2/2] Linking CXX executable cmTC_3fe7b


Detecting CXX compiler ABI info compiled with the following output:
Change Dir: /home/longchair/github/longchair/LibreELEC.tv/build.PlexMediaPlayer-ROCK64.aarch64-9.0-devel/plexmediaplayer-dist-ninja/.aarch64-libreelec-linux-gnueabi/CMakeFiles/CMakeTmp

Run Build Command:"/home/longchair/github/longchair/LibreELEC.tv/build.PlexMediaPlayer-ROCK64.aarch64-9.0-devel/toolchain/bin/ninja" "cmTC_2d453"
[1/2] Building CXX object CMakeFiles/cmTC_2d453.dir/CMakeCXXCompilerABI.cpp.o
[2/2] Linking CXX executable cmTC_2d453
Using built-in specs.
COLLECT_GCC=/home/longchair/github/longchair/LibreELEC.tv/build.PlexMediaPlayer-ROCK64.aarch64-9.0-devel/toolchain/bin/aarch64-libreelec-linux-gnueabi-g++-7.2.0
COLLECT_LTO_WRAPPER=/home/longchair/github/longchair/LibreELEC.tv/build.PlexMediaPlayer-ROCK64.aarch64-9.0-devel/toolchain/lib/gcc/aarch64-libreelec-linux-gnueabi/7.2.0/lto-wrapper
Target: aarch64-libreelec-linux-gnueabi
Configured with: /home/longchair/github/longchair/LibreELEC.tv/build.PlexMediaPlayer-ROCK64.aarch64-9.0-devel/gcc-7.2.0/configure --host=x86_64-linux-gnu --build=x86_64-linux-gnu --prefix=/home/longchair/github/longchair/LibreELEC.tv/build.PlexMediaPlayer-ROCK64.aarch64-9.0-devel/toolchain --bindir=/home/longchair/github/longchair/LibreELEC.tv/build.PlexMediaPlayer-ROCK64.aarch64-9.0-devel/toolchain/bin --sbindir=/home/longchair/github/longchair/LibreELEC.tv/build.PlexMediaPlayer-ROCK64.aarch64-9.0-devel/toolchain/sbin --sysconfdir=/home/longchair/github/longchair/LibreELEC.tv/build.PlexMediaPlayer-ROCK64.aarch64-9.0-devel/toolchain/etc --libexecdir=/home/longchair/github/longchair/LibreELEC.tv/build.PlexMediaPlayer-ROCK64.aarch64-9.0-devel/toolchain/lib --localstatedir=/home/longchair/github/longchair/LibreELEC.tv/build.PlexMediaPlayer-ROCK64.aarch64-9.0-devel/toolchain/var --disable-static --enable-shared --target=aarch64-libreelec-linux-gnueabi --with-sysroot=/home/longchair/github/longchair/LibreELEC.tv/build.PlexMediaPlayer-ROCK64.aarch64-9.0-devel/toolchain/aarch64-libreelec-linux-gnueabi/sysroot --with-gmp=/home/longchair/github/longchair/LibreELEC.tv/build.PlexMediaPlayer-ROCK64.aarch64-9.0-devel/toolchain --with-mpfr=/home/longchair/github/longchair/LibreELEC.tv/build.PlexMediaPlayer-ROCK64.aarch64-9.0-devel/toolchain --with-mpc=/home/longchair/github/longchair/LibreELEC.tv/build.PlexMediaPlayer-ROCK64.aarch64-9.0-devel/toolchain --with-gnu-as --with-gnu-ld --enable-plugin --enable-lto --enable-gold --enable-ld=default --disable-multilib --disable-nls --enable-checking=release --with-default-libstdcxx-abi=gcc4-compatible --without-ppl --without-cloog --disable-libada --disable-libmudflap --disable-libatomic --disable-libitm --disable-libquadmath --disable-libgomp --disable-libmpx --disable-libssp --enable-languages=c,c++ --enable-__cxa_atexit --enable-decimal-float --enable-tls --enable-shared --disable-static --enable-c99 --enable-long-long --enable-threads=posix --disable-libstdcxx-pch --enable-libstdcxx-time --enable-clocale=gnu --with-abi=lp64 --with-arch=armv8-a
Thread model: posix
gcc version 7.2.0 (GCC) 
COMPILER_PATH=/home/longchair/github/longchair/LibreELEC.tv/build.PlexMediaPlayer-ROCK64.aarch64-9.0-devel/toolchain/lib/gcc/aarch64-libreelec-linux-gnueabi/7.2.0/:/home/longchair/github/longchair/LibreELEC.tv/build.PlexMediaPlayer-ROCK64.aarch64-9.0-devel/toolchain/lib/gcc/aarch64-libreelec-linux-gnueabi/7.2.0/:/home/longchair/github/longchair/LibreELEC.tv/build.PlexMediaPlayer-ROCK64.aarch64-9.0-devel/toolchain/lib/gcc/aarch64-libreelec-linux-gnueabi/:/home/longchair/github/longchair/LibreELEC.tv/build.PlexMediaPlayer-ROCK64.aarch64-9.0-devel/toolchain/lib/gcc/aarch64-libreelec-linux-gnueabi/7.2.0/:/home/longchair/github/longchair/LibreELEC.tv/build.PlexMediaPlayer-ROCK64.aarch64-9.0-devel/toolchain/lib/gcc/aarch64-libreelec-linux-gnueabi/:/home/longchair/github/longchair/LibreELEC.tv/build.PlexMediaPlayer-ROCK64.aarch64-9.0-devel/toolchain/lib/gcc/aarch64-libreelec-linux-gnueabi/7.2.0/../../../../aarch64-libreelec-linux-gnueabi/bin/
LIBRARY_PATH=/home/longchair/github/longchair/LibreELEC.tv/build.PlexMediaPlayer-ROCK64.aarch64-9.0-devel/toolchain/lib/gcc/aarch64-libreelec-linux-gnueabi/7.2.0/:/home/longchair/github/longchair/LibreELEC.tv/build.PlexMediaPlayer-ROCK64.aarch64-9.0-devel/toolchain/lib/gcc/aarch64-libreelec-linux-gnueabi/7.2.0/../../../../aarch64-libreelec-linux-gnueabi/lib/../lib64/:/home/longchair/github/longchair/LibreELEC.tv/build.PlexMediaPlayer-ROCK64.aarch64-9.0-devel/toolchain/lib/gcc/aarch64-libreelec-linux-gnueabi/7.2.0/../../../../aarch64-libreelec-linux-gnueabi/lib/:/home/longchair/github/longchair/LibreELEC.tv/build.PlexMediaPlayer-ROCK64.aarch64-9.0-devel/toolchain/aarch64-libreelec-linux-gnueabi/sysroot/lib/:/home/longchair/github/longchair/LibreELEC.tv/build.PlexMediaPlayer-ROCK64.aarch64-9.0-devel/toolchain/aarch64-libreelec-linux-gnueabi/sysroot/usr/lib/
COLLECT_GCC_OPTIONS='-march=armv8-a+crc+crypto' '-mabi=lp64' '-Wno-psabi' '-mcpu=cortex-a53+crc+crypto' '-fomit-frame-pointer' '-Wall' '-pipe' '-Os' '-march=armv8-a+crc+crypto' '-mtune=cortex-a53' '-fuse-ld=gold' '-v' '-rdynamic' '-o' 'cmTC_2d453' '-shared-libgcc' '-mlittle-endian'
 /home/longchair/github/longchair/LibreELEC.tv/build.PlexMediaPlayer-ROCK64.aarch64-9.0-devel/toolchain/lib/gcc/aarch64-libreelec-linux-gnueabi/7.2.0/collect2 -plugin /home/longchair/github/longchair/LibreELEC.tv/build.PlexMediaPlayer-ROCK64.aarch64-9.0-devel/toolchain/lib/gcc/aarch64-libreelec-linux-gnueabi/7.2.0/liblto_plugin.so -plugin-opt=/home/longchair/github/longchair/LibreELEC.tv/build.PlexMediaPlayer-ROCK64.aarch64-9.0-devel/toolchain/lib/gcc/aarch64-libreelec-linux-gnueabi/7.2.0/lto-wrapper -plugin-opt=-fresolution=/tmp/ccdv98tt.res -plugin-opt=-pass-through=-lgcc_s -plugin-opt=-pass-through=-lgcc -plugin-opt=-pass-through=-lc -plugin-opt=-pass-through=-lgcc_s -plugin-opt=-pass-through=-lgcc --sysroot=/home/longchair/github/longchair/LibreELEC.tv/build.PlexMediaPlayer-ROCK64.aarch64-9.0-devel/toolchain/aarch64-libreelec-linux-gnueabi/sysroot --eh-frame-hdr -export-dynamic -dynamic-linker /lib/ld-linux-aarch64.so.1 -X -EL -maarch64linux -fuse-ld=gold -o cmTC_2d453 /home/longchair/github/longchair/LibreELEC.tv/build.PlexMediaPlayer-ROCK64.aarch64-9.0-devel/toolchain/aarch64-libreelec-linux-gnueabi/sysroot/usr/lib/crt1.o /home/longchair/github/longchair/LibreELEC.tv/build.PlexMediaPlayer-ROCK64.aarch64-9.0-devel/toolchain/aarch64-libreelec-linux-gnueabi/sysroot/usr/lib/crti.o /home/longchair/github/longchair/LibreELEC.tv/build.PlexMediaPlayer-ROCK64.aarch64-9.0-devel/toolchain/lib/gcc/aarch64-libreelec-linux-gnueabi/7.2.0/crtbegin.o -L/home/longchair/github/longchair/LibreELEC.tv/build.PlexMediaPlayer-ROCK64.aarch64-9.0-devel/toolchain/lib/gcc/aarch64-libreelec-linux-gnueabi/7.2.0 -L/home/longchair/github/longchair/LibreELEC.tv/build.PlexMediaPlayer-ROCK64.aarch64-9.0-devel/toolchain/lib/gcc/aarch64-libreelec-linux-gnueabi/7.2.0/../../../../aarch64-libreelec-linux-gnueabi/lib/../lib64 -L/home/longchair/github/longchair/LibreELEC.tv/build.PlexMediaPlayer-ROCK64.aarch64-9.0-devel/toolchain/lib/gcc/aarch64-libreelec-linux-gnueabi/7.2.0/../../../../aarch64-libreelec-linux-gnueabi/lib -L/home/longchair/github/longchair/LibreELEC.tv/build.PlexMediaPlayer-ROCK64.aarch64-9.0-devel/toolchain/aarch64-libreelec-linux-gnueabi/sysroot/lib -L/home/longchair/github/longchair/LibreELEC.tv/build.PlexMediaPlayer-ROCK64.aarch64-9.0-devel/toolchain/aarch64-libreelec-linux-gnueabi/sysroot/usr/lib --as-needed CMakeFiles/cmTC_2d453.dir/CMakeCXXCompilerABI.cpp.o -lstdc++ -lm -lgcc_s -lgcc -lc -lgcc_s -lgcc /home/longchair/github/longchair/LibreELEC.tv/build.PlexMediaPlayer-ROCK64.aarch64-9.0-devel/toolchain/lib/gcc/aarch64-libreelec-linux-gnueabi/7.2.0/crtend.o /home/longchair/github/longchair/LibreELEC.tv/build.PlexMediaPlayer-ROCK64.aarch64-9.0-devel/toolchain/aarch64-libreelec-linux-gnueabi/sysroot/usr/lib/crtn.o
COLLECT_GCC_OPTIONS='-march=armv8-a+crc+crypto' '-mabi=lp64' '-Wno-psabi' '-mcpu=cortex-a53+crc+crypto' '-fomit-frame-pointer' '-Wall' '-pipe' '-Os' '-march=armv8-a+crc+crypto' '-mtune=cortex-a53' '-fuse-ld=gold' '-v' '-rdynamic' '-o' 'cmTC_2d453' '-shared-libgcc' '-mlittle-endian'


Parsed CXX implicit link information from above output:
  link line regex: [^( *|.*[/\])(aarch64-libreelec-linux-gnueabi-ld|CMAKE_LINK_STARTFILE-NOTFOUND|([^/\]+-)?ld|collect2)[^/\]*( |$)]
  ignore line: [Change Dir: /home/longchair/github/longchair/LibreELEC.tv/build.PlexMediaPlayer-ROCK64.aarch64-9.0-devel/plexmediaplayer-dist-ninja/.aarch64-libreelec-linux-gnueabi/CMakeFiles/CMakeTmp]
  ignore line: []
  ignore line: [Run Build Command:"/home/longchair/github/longchair/LibreELEC.tv/build.PlexMediaPlayer-ROCK64.aarch64-9.0-devel/toolchain/bin/ninja" "cmTC_2d453"]
  ignore line: [[1/2] Building CXX object CMakeFiles/cmTC_2d453.dir/CMakeCXXCompilerABI.cpp.o]
  ignore line: [[2/2] Linking CXX executable cmTC_2d453]
  ignore line: [Using built-in specs.]
  ignore line: [COLLECT_GCC=/home/longchair/github/longchair/LibreELEC.tv/build.PlexMediaPlayer-ROCK64.aarch64-9.0-devel/toolchain/bin/aarch64-libreelec-linux-gnueabi-g++-7.2.0]
  ignore line: [COLLECT_LTO_WRAPPER=/home/longchair/github/longchair/LibreELEC.tv/build.PlexMediaPlayer-ROCK64.aarch64-9.0-devel/toolchain/lib/gcc/aarch64-libreelec-linux-gnueabi/7.2.0/lto-wrapper]
  ignore line: [Target: aarch64-libreelec-linux-gnueabi]
  ignore line: [Configured with: /home/longchair/github/longchair/LibreELEC.tv/build.PlexMediaPlayer-ROCK64.aarch64-9.0-devel/gcc-7.2.0/configure --host=x86_64-linux-gnu --build=x86_64-linux-gnu --prefix=/home/longchair/github/longchair/LibreELEC.tv/build.PlexMediaPlayer-ROCK64.aarch64-9.0-devel/toolchain --bindir=/home/longchair/github/longchair/LibreELEC.tv/build.PlexMediaPlayer-ROCK64.aarch64-9.0-devel/toolchain/bin --sbindir=/home/longchair/github/longchair/LibreELEC.tv/build.PlexMediaPlayer-ROCK64.aarch64-9.0-devel/toolchain/sbin --sysconfdir=/home/longchair/github/longchair/LibreELEC.tv/build.PlexMediaPlayer-ROCK64.aarch64-9.0-devel/toolchain/etc --libexecdir=/home/longchair/github/longchair/LibreELEC.tv/build.PlexMediaPlayer-ROCK64.aarch64-9.0-devel/toolchain/lib --localstatedir=/home/longchair/github/longchair/LibreELEC.tv/build.PlexMediaPlayer-ROCK64.aarch64-9.0-devel/toolchain/var --disable-static --enable-shared --target=aarch64-libreelec-linux-gnueabi --with-sysroot=/home/longchair/github/longchair/LibreELEC.tv/build.PlexMediaPlayer-ROCK64.aarch64-9.0-devel/toolchain/aarch64-libreelec-linux-gnueabi/sysroot --with-gmp=/home/longchair/github/longchair/LibreELEC.tv/build.PlexMediaPlayer-ROCK64.aarch64-9.0-devel/toolchain --with-mpfr=/home/longchair/github/longchair/LibreELEC.tv/build.PlexMediaPlayer-ROCK64.aarch64-9.0-devel/toolchain --with-mpc=/home/longchair/github/longchair/LibreELEC.tv/build.PlexMediaPlayer-ROCK64.aarch64-9.0-devel/toolchain --with-gnu-as --with-gnu-ld --enable-plugin --enable-lto --enable-gold --enable-ld=default --disable-multilib --disable-nls --enable-checking=release --with-default-libstdcxx-abi=gcc4-compatible --without-ppl --without-cloog --disable-libada --disable-libmudflap --disable-libatomic --disable-libitm --disable-libquadmath --disable-libgomp --disable-libmpx --disable-libssp --enable-languages=c,c++ --enable-__cxa_atexit --enable-decimal-float --enable-tls --enable-shared --disable-static --enable-c99 --enable-long-long --enable-threads=posix --disable-libstdcxx-pch --enable-libstdcxx-time --enable-clocale=gnu --with-abi=lp64 --with-arch=armv8-a]
  ignore line: [Thread model: posix]
  ignore line: [gcc version 7.2.0 (GCC) ]
  ignore line: [COMPILER_PATH=/home/longchair/github/longchair/LibreELEC.tv/build.PlexMediaPlayer-ROCK64.aarch64-9.0-devel/toolchain/lib/gcc/aarch64-libreelec-linux-gnueabi/7.2.0/:/home/longchair/github/longchair/LibreELEC.tv/build.PlexMediaPlayer-ROCK64.aarch64-9.0-devel/toolchain/lib/gcc/aarch64-libreelec-linux-gnueabi/7.2.0/:/home/longchair/github/longchair/LibreELEC.tv/build.PlexMediaPlayer-ROCK64.aarch64-9.0-devel/toolchain/lib/gcc/aarch64-libreelec-linux-gnueabi/:/home/longchair/github/longchair/LibreELEC.tv/build.PlexMediaPlayer-ROCK64.aarch64-9.0-devel/toolchain/lib/gcc/aarch64-libreelec-linux-gnueabi/7.2.0/:/home/longchair/github/longchair/LibreELEC.tv/build.PlexMediaPlayer-ROCK64.aarch64-9.0-devel/toolchain/lib/gcc/aarch64-libreelec-linux-gnueabi/:/home/longchair/github/longchair/LibreELEC.tv/build.PlexMediaPlayer-ROCK64.aarch64-9.0-devel/toolchain/lib/gcc/aarch64-libreelec-linux-gnueabi/7.2.0/../../../../aarch64-libreelec-linux-gnueabi/bin/]
  ignore line: [LIBRARY_PATH=/home/longchair/github/longchair/LibreELEC.tv/build.PlexMediaPlayer-ROCK64.aarch64-9.0-devel/toolchain/lib/gcc/aarch64-libreelec-linux-gnueabi/7.2.0/:/home/longchair/github/longchair/LibreELEC.tv/build.PlexMediaPlayer-ROCK64.aarch64-9.0-devel/toolchain/lib/gcc/aarch64-libreelec-linux-gnueabi/7.2.0/../../../../aarch64-libreelec-linux-gnueabi/lib/../lib64/:/home/longchair/github/longchair/LibreELEC.tv/build.PlexMediaPlayer-ROCK64.aarch64-9.0-devel/toolchain/lib/gcc/aarch64-libreelec-linux-gnueabi/7.2.0/../../../../aarch64-libreelec-linux-gnueabi/lib/:/home/longchair/github/longchair/LibreELEC.tv/build.PlexMediaPlayer-ROCK64.aarch64-9.0-devel/toolchain/aarch64-libreelec-linux-gnueabi/sysroot/lib/:/home/longchair/github/longchair/LibreELEC.tv/build.PlexMediaPlayer-ROCK64.aarch64-9.0-devel/toolchain/aarch64-libreelec-linux-gnueabi/sysroot/usr/lib/]
  ignore line: [COLLECT_GCC_OPTIONS='-march=armv8-a+crc+crypto' '-mabi=lp64' '-Wno-psabi' '-mcpu=cortex-a53+crc+crypto' '-fomit-frame-pointer' '-Wall' '-pipe' '-Os' '-march=armv8-a+crc+crypto' '-mtune=cortex-a53' '-fuse-ld=gold' '-v' '-rdynamic' '-o' 'cmTC_2d453' '-shared-libgcc' '-mlittle-endian']
  link line: [ /home/longchair/github/longchair/LibreELEC.tv/build.PlexMediaPlayer-ROCK64.aarch64-9.0-devel/toolchain/lib/gcc/aarch64-libreelec-linux-gnueabi/7.2.0/collect2 -plugin /home/longchair/github/longchair/LibreELEC.tv/build.PlexMediaPlayer-ROCK64.aarch64-9.0-devel/toolchain/lib/gcc/aarch64-libreelec-linux-gnueabi/7.2.0/liblto_plugin.so -plugin-opt=/home/longchair/github/longchair/LibreELEC.tv/build.PlexMediaPlayer-ROCK64.aarch64-9.0-devel/toolchain/lib/gcc/aarch64-libreelec-linux-gnueabi/7.2.0/lto-wrapper -plugin-opt=-fresolution=/tmp/ccdv98tt.res -plugin-opt=-pass-through=-lgcc_s -plugin-opt=-pass-through=-lgcc -plugin-opt=-pass-through=-lc -plugin-opt=-pass-through=-lgcc_s -plugin-opt=-pass-through=-lgcc --sysroot=/home/longchair/github/longchair/LibreELEC.tv/build.PlexMediaPlayer-ROCK64.aarch64-9.0-devel/toolchain/aarch64-libreelec-linux-gnueabi/sysroot --eh-frame-hdr -export-dynamic -dynamic-linker /lib/ld-linux-aarch64.so.1 -X -EL -maarch64linux -fuse-ld=gold -o cmTC_2d453 /home/longchair/github/longchair/LibreELEC.tv/build.PlexMediaPlayer-ROCK64.aarch64-9.0-devel/toolchain/aarch64-libreelec-linux-gnueabi/sysroot/usr/lib/crt1.o /home/longchair/github/longchair/LibreELEC.tv/build.PlexMediaPlayer-ROCK64.aarch64-9.0-devel/toolchain/aarch64-libreelec-linux-gnueabi/sysroot/usr/lib/crti.o /home/longchair/github/longchair/LibreELEC.tv/build.PlexMediaPlayer-ROCK64.aarch64-9.0-devel/toolchain/lib/gcc/aarch64-libreelec-linux-gnueabi/7.2.0/crtbegin.o -L/home/longchair/github/longchair/LibreELEC.tv/build.PlexMediaPlayer-ROCK64.aarch64-9.0-devel/toolchain/lib/gcc/aarch64-libreelec-linux-gnueabi/7.2.0 -L/home/longchair/github/longchair/LibreELEC.tv/build.PlexMediaPlayer-ROCK64.aarch64-9.0-devel/toolchain/lib/gcc/aarch64-libreelec-linux-gnueabi/7.2.0/../../../../aarch64-libreelec-linux-gnueabi/lib/../lib64 -L/home/longchair/github/longchair/LibreELEC.tv/build.PlexMediaPlayer-ROCK64.aarch64-9.0-devel/toolchain/lib/gcc/aarch64-libreelec-linux-gnueabi/7.2.0/../../../../aarch64-libreelec-linux-gnueabi/lib -L/home/longchair/github/longchair/LibreELEC.tv/build.PlexMediaPlayer-ROCK64.aarch64-9.0-devel/toolchain/aarch64-libreelec-linux-gnueabi/sysroot/lib -L/home/longchair/github/longchair/LibreELEC.tv/build.PlexMediaPlayer-ROCK64.aarch64-9.0-devel/toolchain/aarch64-libreelec-linux-gnueabi/sysroot/usr/lib --as-needed CMakeFiles/cmTC_2d453.dir/CMakeCXXCompilerABI.cpp.o -lstdc++ -lm -lgcc_s -lgcc -lc -lgcc_s -lgcc /home/longchair/github/longchair/LibreELEC.tv/build.PlexMediaPlayer-ROCK64.aarch64-9.0-devel/toolchain/lib/gcc/aarch64-libreelec-linux-gnueabi/7.2.0/crtend.o /home/longchair/github/longchair/LibreELEC.tv/build.PlexMediaPlayer-ROCK64.aarch64-9.0-devel/toolchain/aarch64-libreelec-linux-gnueabi/sysroot/usr/lib/crtn.o]
    arg [/home/longchair/github/longchair/LibreELEC.tv/build.PlexMediaPlayer-ROCK64.aarch64-9.0-devel/toolchain/lib/gcc/aarch64-libreelec-linux-gnueabi/7.2.0/collect2] ==> ignore
    arg [-plugin] ==> ignore
    arg [/home/longchair/github/longchair/LibreELEC.tv/build.PlexMediaPlayer-ROCK64.aarch64-9.0-devel/toolchain/lib/gcc/aarch64-libreelec-linux-gnueabi/7.2.0/liblto_plugin.so] ==> ignore
    arg [-plugin-opt=/home/longchair/github/longchair/LibreELEC.tv/build.PlexMediaPlayer-ROCK64.aarch64-9.0-devel/toolchain/lib/gcc/aarch64-libreelec-linux-gnueabi/7.2.0/lto-wrapper] ==> ignore
    arg [-plugin-opt=-fresolution=/tmp/ccdv98tt.res] ==> ignore
    arg [-plugin-opt=-pass-through=-lgcc_s] ==> ignore
    arg [-plugin-opt=-pass-through=-lgcc] ==> ignore
    arg [-plugin-opt=-pass-through=-lc] ==> ignore
    arg [-plugin-opt=-pass-through=-lgcc_s] ==> ignore
    arg [-plugin-opt=-pass-through=-lgcc] ==> ignore
    arg [--sysroot=/home/longchair/github/longchair/LibreELEC.tv/build.PlexMediaPlayer-ROCK64.aarch64-9.0-devel/toolchain/aarch64-libreelec-linux-gnueabi/sysroot] ==> ignore
    arg [--eh-frame-hdr] ==> ignore
    arg [-export-dynamic] ==> ignore
    arg [-dynamic-linker] ==> ignore
    arg [/lib/ld-linux-aarch64.so.1] ==> ignore
    arg [-X] ==> ignore
    arg [-EL] ==> ignore
    arg [-maarch64linux] ==> ignore
    arg [-fuse-ld=gold] ==> ignore
    arg [-o] ==> ignore
    arg [cmTC_2d453] ==> ignore
    arg [/home/longchair/github/longchair/LibreELEC.tv/build.PlexMediaPlayer-ROCK64.aarch64-9.0-devel/toolchain/aarch64-libreelec-linux-gnueabi/sysroot/usr/lib/crt1.o] ==> ignore
    arg [/home/longchair/github/longchair/LibreELEC.tv/build.PlexMediaPlayer-ROCK64.aarch64-9.0-devel/toolchain/aarch64-libreelec-linux-gnueabi/sysroot/usr/lib/crti.o] ==> ignore
    arg [/home/longchair/github/longchair/LibreELEC.tv/build.PlexMediaPlayer-ROCK64.aarch64-9.0-devel/toolchain/lib/gcc/aarch64-libreelec-linux-gnueabi/7.2.0/crtbegin.o] ==> ignore
    arg [-L/home/longchair/github/longchair/LibreELEC.tv/build.PlexMediaPlayer-ROCK64.aarch64-9.0-devel/toolchain/lib/gcc/aarch64-libreelec-linux-gnueabi/7.2.0] ==> dir [/home/longchair/github/longchair/LibreELEC.tv/build.PlexMediaPlayer-ROCK64.aarch64-9.0-devel/toolchain/lib/gcc/aarch64-libreelec-linux-gnueabi/7.2.0]
    arg [-L/home/longchair/github/longchair/LibreELEC.tv/build.PlexMediaPlayer-ROCK64.aarch64-9.0-devel/toolchain/lib/gcc/aarch64-libreelec-linux-gnueabi/7.2.0/../../../../aarch64-libreelec-linux-gnueabi/lib/../lib64] ==> dir [/home/longchair/github/longchair/LibreELEC.tv/build.PlexMediaPlayer-ROCK64.aarch64-9.0-devel/toolchain/lib/gcc/aarch64-libreelec-linux-gnueabi/7.2.0/../../../../aarch64-libreelec-linux-gnueabi/lib/../lib64]
    arg [-L/home/longchair/github/longchair/LibreELEC.tv/build.PlexMediaPlayer-ROCK64.aarch64-9.0-devel/toolchain/lib/gcc/aarch64-libreelec-linux-gnueabi/7.2.0/../../../../aarch64-libreelec-linux-gnueabi/lib] ==> dir [/home/longchair/github/longchair/LibreELEC.tv/build.PlexMediaPlayer-ROCK64.aarch64-9.0-devel/toolchain/lib/gcc/aarch64-libreelec-linux-gnueabi/7.2.0/../../../../aarch64-libreelec-linux-gnueabi/lib]
    arg [-L/home/longchair/github/longchair/LibreELEC.tv/build.PlexMediaPlayer-ROCK64.aarch64-9.0-devel/toolchain/aarch64-libreelec-linux-gnueabi/sysroot/lib] ==> dir [/home/longchair/github/longchair/LibreELEC.tv/build.PlexMediaPlayer-ROCK64.aarch64-9.0-devel/toolchain/aarch64-libreelec-linux-gnueabi/sysroot/lib]
    arg [-L/home/longchair/github/longchair/LibreELEC.tv/build.PlexMediaPlayer-ROCK64.aarch64-9.0-devel/toolchain/aarch64-libreelec-linux-gnueabi/sysroot/usr/lib] ==> dir [/home/longchair/github/longchair/LibreELEC.tv/build.PlexMediaPlayer-ROCK64.aarch64-9.0-devel/toolchain/aarch64-libreelec-linux-gnueabi/sysroot/usr/lib]
    arg [--as-needed] ==> ignore
    arg [CMakeFiles/cmTC_2d453.dir/CMakeCXXCompilerABI.cpp.o] ==> ignore
    arg [-lstdc++] ==> lib [stdc++]
    arg [-lm] ==> lib [m]
    arg [-lgcc_s] ==> lib [gcc_s]
    arg [-lgcc] ==> lib [gcc]
    arg [-lc] ==> lib [c]
    arg [-lgcc_s] ==> lib [gcc_s]
    arg [-lgcc] ==> lib [gcc]
    arg [/home/longchair/github/longchair/LibreELEC.tv/build.PlexMediaPlayer-ROCK64.aarch64-9.0-devel/toolchain/lib/gcc/aarch64-libreelec-linux-gnueabi/7.2.0/crtend.o] ==> ignore
    arg [/home/longchair/github/longchair/LibreELEC.tv/build.PlexMediaPlayer-ROCK64.aarch64-9.0-devel/toolchain/aarch64-libreelec-linux-gnueabi/sysroot/usr/lib/crtn.o] ==> ignore
  collapse library dir [/home/longchair/github/longchair/LibreELEC.tv/build.PlexMediaPlayer-ROCK64.aarch64-9.0-devel/toolchain/lib/gcc/aarch64-libreelec-linux-gnueabi/7.2.0] ==> [/home/longchair/github/longchair/LibreELEC.tv/build.PlexMediaPlayer-ROCK64.aarch64-9.0-devel/toolchain/lib/gcc/aarch64-libreelec-linux-gnueabi/7.2.0]
  collapse library dir [/home/longchair/github/longchair/LibreELEC.tv/build.PlexMediaPlayer-ROCK64.aarch64-9.0-devel/toolchain/lib/gcc/aarch64-libreelec-linux-gnueabi/7.2.0/../../../../aarch64-libreelec-linux-gnueabi/lib/../lib64] ==> [/home/longchair/github/longchair/LibreELEC.tv/build.PlexMediaPlayer-ROCK64.aarch64-9.0-devel/toolchain/aarch64-libreelec-linux-gnueabi/lib64]
  collapse library dir [/home/longchair/github/longchair/LibreELEC.tv/build.PlexMediaPlayer-ROCK64.aarch64-9.0-devel/toolchain/lib/gcc/aarch64-libreelec-linux-gnueabi/7.2.0/../../../../aarch64-libreelec-linux-gnueabi/lib] ==> [/home/longchair/github/longchair/LibreELEC.tv/build.PlexMediaPlayer-ROCK64.aarch64-9.0-devel/toolchain/aarch64-libreelec-linux-gnueabi/lib]
  collapse library dir [/home/longchair/github/longchair/LibreELEC.tv/build.PlexMediaPlayer-ROCK64.aarch64-9.0-devel/toolchain/aarch64-libreelec-linux-gnueabi/sysroot/lib] ==> [/home/longchair/github/longchair/LibreELEC.tv/build.PlexMediaPlayer-ROCK64.aarch64-9.0-devel/toolchain/aarch64-libreelec-linux-gnueabi/sysroot/lib]
  collapse library dir [/home/longchair/github/longchair/LibreELEC.tv/build.PlexMediaPlayer-ROCK64.aarch64-9.0-devel/toolchain/aarch64-libreelec-linux-gnueabi/sysroot/usr/lib] ==> [/home/longchair/github/longchair/LibreELEC.tv/build.PlexMediaPlayer-ROCK64.aarch64-9.0-devel/toolchain/aarch64-libreelec-linux-gnueabi/sysroot/usr/lib]
  implicit libs: [stdc++;m;gcc_s;gcc;c;gcc_s;gcc]
  implicit dirs: [/home/longchair/github/longchair/LibreELEC.tv/build.PlexMediaPlayer-ROCK64.aarch64-9.0-devel/toolchain/lib/gcc/aarch64-libreelec-linux-gnueabi/7.2.0;/home/longchair/github/longchair/LibreELEC.tv/build.PlexMediaPlayer-ROCK64.aarch64-9.0-devel/toolchain/aarch64-libreelec-linux-gnueabi/lib64;/home/longchair/github/longchair/LibreELEC.tv/build.PlexMediaPlayer-ROCK64.aarch64-9.0-devel/toolchain/aarch64-libreelec-linux-gnueabi/lib;/home/longchair/github/longchair/LibreELEC.tv/build.PlexMediaPlayer-ROCK64.aarch64-9.0-devel/toolchain/aarch64-libreelec-linux-gnueabi/sysroot/lib;/home/longchair/github/longchair/LibreELEC.tv/build.PlexMediaPlayer-ROCK64.aarch64-9.0-devel/toolchain/aarch64-libreelec-linux-gnueabi/sysroot/usr/lib]
  implicit fwks: []




Detecting CXX [-std=c++1z] compiler features compiled with the following output:
Change Dir: /home/longchair/github/longchair/LibreELEC.tv/build.PlexMediaPlayer-ROCK64.aarch64-9.0-devel/plexmediaplayer-dist-ninja/.aarch64-libreelec-linux-gnueabi/CMakeFiles/CMakeTmp

Run Build Command:"/home/longchair/github/longchair/LibreELEC.tv/build.PlexMediaPlayer-ROCK64.aarch64-9.0-devel/toolchain/bin/ninja" "cmTC_7c468"
[1/2] Building CXX object CMakeFiles/cmTC_7c468.dir/feature_tests.cxx.o
[2/2] Linking CXX executable cmTC_7c468


    Feature record: CXX_FEATURE:1cxx_aggregate_default_initializers
    Feature record: CXX_FEATURE:1cxx_alias_templates
    Feature record: CXX_FEATURE:1cxx_alignas
    Feature record: CXX_FEATURE:1cxx_alignof
    Feature record: CXX_FEATURE:1cxx_attributes
    Feature record: CXX_FEATURE:1cxx_attribute_deprecated
    Feature record: CXX_FEATURE:1cxx_auto_type
    Feature record: CXX_FEATURE:1cxx_binary_literals
    Feature record: CXX_FEATURE:1cxx_constexpr
    Feature record: CXX_FEATURE:1cxx_contextual_conversions
    Feature record: CXX_FEATURE:1cxx_decltype
    Feature record: CXX_FEATURE:1cxx_decltype_auto
    Feature record: CXX_FEATURE:1cxx_decltype_incomplete_return_types
    Feature record: CXX_FEATURE:1cxx_default_function_template_args
    Feature record: CXX_FEATURE:1cxx_defaulted_functions
    Feature record: CXX_FEATURE:1cxx_defaulted_move_initializers
    Feature record: CXX_FEATURE:1cxx_delegating_constructors
    Feature record: CXX_FEATURE:1cxx_deleted_functions
    Feature record: CXX_FEATURE:1cxx_digit_separators
    Feature record: CXX_FEATURE:1cxx_enum_forward_declarations
    Feature record: CXX_FEATURE:1cxx_explicit_conversions
    Feature record: CXX_FEATURE:1cxx_extended_friend_declarations
    Feature record: CXX_FEATURE:1cxx_extern_templates
    Feature record: CXX_FEATURE:1cxx_final
    Feature record: CXX_FEATURE:1cxx_func_identifier
    Feature record: CXX_FEATURE:1cxx_generalized_initializers
    Feature record: CXX_FEATURE:1cxx_generic_lambdas
    Feature record: CXX_FEATURE:1cxx_inheriting_constructors
    Feature record: CXX_FEATURE:1cxx_inline_namespaces
    Feature record: CXX_FEATURE:1cxx_lambdas
    Feature record: CXX_FEATURE:1cxx_lambda_init_captures
    Feature record: CXX_FEATURE:1cxx_local_type_template_args
    Feature record: CXX_FEATURE:1cxx_long_long_type
    Feature record: CXX_FEATURE:1cxx_noexcept
    Feature record: CXX_FEATURE:1cxx_nonstatic_member_init
    Feature record: CXX_FEATURE:1cxx_nullptr
    Feature record: CXX_FEATURE:1cxx_override
    Feature record: CXX_FEATURE:1cxx_range_for
    Feature record: CXX_FEATURE:1cxx_raw_string_literals
    Feature record: CXX_FEATURE:1cxx_reference_qualified_functions
    Feature record: CXX_FEATURE:1cxx_relaxed_constexpr
    Feature record: CXX_FEATURE:1cxx_return_type_deduction
    Feature record: CXX_FEATURE:1cxx_right_angle_brackets
    Feature record: CXX_FEATURE:1cxx_rvalue_references
    Feature record: CXX_FEATURE:1cxx_sizeof_member
    Feature record: CXX_FEATURE:1cxx_static_assert
    Feature record: CXX_FEATURE:1cxx_strong_enums
    Feature record: CXX_FEATURE:1cxx_template_template_parameters
    Feature record: CXX_FEATURE:1cxx_thread_local
    Feature record: CXX_FEATURE:1cxx_trailing_return_types
    Feature record: CXX_FEATURE:1cxx_unicode_literals
    Feature record: CXX_FEATURE:1cxx_uniform_initialization
    Feature record: CXX_FEATURE:1cxx_unrestricted_unions
    Feature record: CXX_FEATURE:1cxx_user_literals
    Feature record: CXX_FEATURE:1cxx_variable_templates
    Feature record: CXX_FEATURE:1cxx_variadic_macros
    Feature record: CXX_FEATURE:1cxx_variadic_templates


Detecting CXX [-std=c++14] compiler features compiled with the following output:
Change Dir: /home/longchair/github/longchair/LibreELEC.tv/build.PlexMediaPlayer-ROCK64.aarch64-9.0-devel/plexmediaplayer-dist-ninja/.aarch64-libreelec-linux-gnueabi/CMakeFiles/CMakeTmp

Run Build Command:"/home/longchair/github/longchair/LibreELEC.tv/build.PlexMediaPlayer-ROCK64.aarch64-9.0-devel/toolchain/bin/ninja" "cmTC_7c1cc"
[1/2] Building CXX object CMakeFiles/cmTC_7c1cc.dir/feature_tests.cxx.o
[2/2] Linking CXX executable cmTC_7c1cc


    Feature record: CXX_FEATURE:1cxx_aggregate_default_initializers
    Feature record: CXX_FEATURE:1cxx_alias_templates
    Feature record: CXX_FEATURE:1cxx_alignas
    Feature record: CXX_FEATURE:1cxx_alignof
    Feature record: CXX_FEATURE:1cxx_attributes
    Feature record: CXX_FEATURE:1cxx_attribute_deprecated
    Feature record: CXX_FEATURE:1cxx_auto_type
    Feature record: CXX_FEATURE:1cxx_binary_literals
    Feature record: CXX_FEATURE:1cxx_constexpr
    Feature record: CXX_FEATURE:1cxx_contextual_conversions
    Feature record: CXX_FEATURE:1cxx_decltype
    Feature record: CXX_FEATURE:1cxx_decltype_auto
    Feature record: CXX_FEATURE:1cxx_decltype_incomplete_return_types
    Feature record: CXX_FEATURE:1cxx_default_function_template_args
    Feature record: CXX_FEATURE:1cxx_defaulted_functions
    Feature record: CXX_FEATURE:1cxx_defaulted_move_initializers
    Feature record: CXX_FEATURE:1cxx_delegating_constructors
    Feature record: CXX_FEATURE:1cxx_deleted_functions
    Feature record: CXX_FEATURE:1cxx_digit_separators
    Feature record: CXX_FEATURE:1cxx_enum_forward_declarations
    Feature record: CXX_FEATURE:1cxx_explicit_conversions
    Feature record: CXX_FEATURE:1cxx_extended_friend_declarations
    Feature record: CXX_FEATURE:1cxx_extern_templates
    Feature record: CXX_FEATURE:1cxx_final
    Feature record: CXX_FEATURE:1cxx_func_identifier
    Feature record: CXX_FEATURE:1cxx_generalized_initializers
    Feature record: CXX_FEATURE:1cxx_generic_lambdas
    Feature record: CXX_FEATURE:1cxx_inheriting_constructors
    Feature record: CXX_FEATURE:1cxx_inline_namespaces
    Feature record: CXX_FEATURE:1cxx_lambdas
    Feature record: CXX_FEATURE:1cxx_lambda_init_captures
    Feature record: CXX_FEATURE:1cxx_local_type_template_args
    Feature record: CXX_FEATURE:1cxx_long_long_type
    Feature record: CXX_FEATURE:1cxx_noexcept
    Feature record: CXX_FEATURE:1cxx_nonstatic_member_init
    Feature record: CXX_FEATURE:1cxx_nullptr
    Feature record: CXX_FEATURE:1cxx_override
    Feature record: CXX_FEATURE:1cxx_range_for
    Feature record: CXX_FEATURE:1cxx_raw_string_literals
    Feature record: CXX_FEATURE:1cxx_reference_qualified_functions
    Feature record: CXX_FEATURE:1cxx_relaxed_constexpr
    Feature record: CXX_FEATURE:1cxx_return_type_deduction
    Feature record: CXX_FEATURE:1cxx_right_angle_brackets
    Feature record: CXX_FEATURE:1cxx_rvalue_references
    Feature record: CXX_FEATURE:1cxx_sizeof_member
    Feature record: CXX_FEATURE:1cxx_static_assert
    Feature record: CXX_FEATURE:1cxx_strong_enums
    Feature record: CXX_FEATURE:1cxx_template_template_parameters
    Feature record: CXX_FEATURE:1cxx_thread_local
    Feature record: CXX_FEATURE:1cxx_trailing_return_types
    Feature record: CXX_FEATURE:1cxx_unicode_literals
    Feature record: CXX_FEATURE:1cxx_uniform_initialization
    Feature record: CXX_FEATURE:1cxx_unrestricted_unions
    Feature record: CXX_FEATURE:1cxx_user_literals
    Feature record: CXX_FEATURE:1cxx_variable_templates
    Feature record: CXX_FEATURE:1cxx_variadic_macros
    Feature record: CXX_FEATURE:1cxx_variadic_templates


Detecting CXX [-std=c++11] compiler features compiled with the following output:
Change Dir: /home/longchair/github/longchair/LibreELEC.tv/build.PlexMediaPlayer-ROCK64.aarch64-9.0-devel/plexmediaplayer-dist-ninja/.aarch64-libreelec-linux-gnueabi/CMakeFiles/CMakeTmp

Run Build Command:"/home/longchair/github/longchair/LibreELEC.tv/build.PlexMediaPlayer-ROCK64.aarch64-9.0-devel/toolchain/bin/ninja" "cmTC_2f81a"
[1/2] Building CXX object CMakeFiles/cmTC_2f81a.dir/feature_tests.cxx.o
[2/2] Linking CXX executable cmTC_2f81a


    Feature record: CXX_FEATURE:0cxx_aggregate_default_initializers
    Feature record: CXX_FEATURE:1cxx_alias_templates
    Feature record: CXX_FEATURE:1cxx_alignas
    Feature record: CXX_FEATURE:1cxx_alignof
    Feature record: CXX_FEATURE:1cxx_attributes
    Feature record: CXX_FEATURE:0cxx_attribute_deprecated
    Feature record: CXX_FEATURE:1cxx_auto_type
    Feature record: CXX_FEATURE:0cxx_binary_literals
    Feature record: CXX_FEATURE:1cxx_constexpr
    Feature record: CXX_FEATURE:0cxx_contextual_conversions
    Feature record: CXX_FEATURE:1cxx_decltype
    Feature record: CXX_FEATURE:0cxx_decltype_auto
    Feature record: CXX_FEATURE:1cxx_decltype_incomplete_return_types
    Feature record: CXX_FEATURE:1cxx_default_function_template_args
    Feature record: CXX_FEATURE:1cxx_defaulted_functions
    Feature record: CXX_FEATURE:1cxx_defaulted_move_initializers
    Feature record: CXX_FEATURE:1cxx_delegating_constructors
    Feature record: CXX_FEATURE:1cxx_deleted_functions
    Feature record: CXX_FEATURE:0cxx_digit_separators
    Feature record: CXX_FEATURE:1cxx_enum_forward_declarations
    Feature record: CXX_FEATURE:1cxx_explicit_conversions
    Feature record: CXX_FEATURE:1cxx_extended_friend_declarations
    Feature record: CXX_FEATURE:1cxx_extern_templates
    Feature record: CXX_FEATURE:1cxx_final
    Feature record: CXX_FEATURE:1cxx_func_identifier
    Feature record: CXX_FEATURE:1cxx_generalized_initializers
    Feature record: CXX_FEATURE:0cxx_generic_lambdas
    Feature record: CXX_FEATURE:1cxx_inheriting_constructors
    Feature record: CXX_FEATURE:1cxx_inline_namespaces
    Feature record: CXX_FEATURE:1cxx_lambdas
    Feature record: CXX_FEATURE:0cxx_lambda_init_captures
    Feature record: CXX_FEATURE:1cxx_local_type_template_args
    Feature record: CXX_FEATURE:1cxx_long_long_type
    Feature record: CXX_FEATURE:1cxx_noexcept
    Feature record: CXX_FEATURE:1cxx_nonstatic_member_init
    Feature record: CXX_FEATURE:1cxx_nullptr
    Feature record: CXX_FEATURE:1cxx_override
    Feature record: CXX_FEATURE:1cxx_range_for
    Feature record: CXX_FEATURE:1cxx_raw_string_literals
    Feature record: CXX_FEATURE:1cxx_reference_qualified_functions
    Feature record: CXX_FEATURE:0cxx_relaxed_constexpr
    Feature record: CXX_FEATURE:0cxx_return_type_deduction
    Feature record: CXX_FEATURE:1cxx_right_angle_brackets
    Feature record: CXX_FEATURE:1cxx_rvalue_references
    Feature record: CXX_FEATURE:1cxx_sizeof_member
    Feature record: CXX_FEATURE:1cxx_static_assert
    Feature record: CXX_FEATURE:1cxx_strong_enums
    Feature record: CXX_FEATURE:1cxx_template_template_parameters
    Feature record: CXX_FEATURE:1cxx_thread_local
    Feature record: CXX_FEATURE:1cxx_trailing_return_types
    Feature record: CXX_FEATURE:1cxx_unicode_literals
    Feature record: CXX_FEATURE:1cxx_uniform_initialization
    Feature record: CXX_FEATURE:1cxx_unrestricted_unions
    Feature record: CXX_FEATURE:1cxx_user_literals
    Feature record: CXX_FEATURE:0cxx_variable_templates
    Feature record: CXX_FEATURE:1cxx_variadic_macros
    Feature record: CXX_FEATURE:1cxx_variadic_templates


Detecting CXX [-std=c++98] compiler features compiled with the following output:
Change Dir: /home/longchair/github/longchair/LibreELEC.tv/build.PlexMediaPlayer-ROCK64.aarch64-9.0-devel/plexmediaplayer-dist-ninja/.aarch64-libreelec-linux-gnueabi/CMakeFiles/CMakeTmp

Run Build Command:"/home/longchair/github/longchair/LibreELEC.tv/build.PlexMediaPlayer-ROCK64.aarch64-9.0-devel/toolchain/bin/ninja" "cmTC_42610"
[1/2] Building CXX object CMakeFiles/cmTC_42610.dir/feature_tests.cxx.o
[2/2] Linking CXX executable cmTC_42610


    Feature record: CXX_FEATURE:0cxx_aggregate_default_initializers
    Feature record: CXX_FEATURE:0cxx_alias_templates
    Feature record: CXX_FEATURE:0cxx_alignas
    Feature record: CXX_FEATURE:0cxx_alignof
    Feature record: CXX_FEATURE:0cxx_attributes
    Feature record: CXX_FEATURE:0cxx_attribute_deprecated
    Feature record: CXX_FEATURE:0cxx_auto_type
    Feature record: CXX_FEATURE:0cxx_binary_literals
    Feature record: CXX_FEATURE:0cxx_constexpr
    Feature record: CXX_FEATURE:0cxx_contextual_conversions
    Feature record: CXX_FEATURE:0cxx_decltype
    Feature record: CXX_FEATURE:0cxx_decltype_auto
    Feature record: CXX_FEATURE:0cxx_decltype_incomplete_return_types
    Feature record: CXX_FEATURE:0cxx_default_function_template_args
    Feature record: CXX_FEATURE:0cxx_defaulted_functions
    Feature record: CXX_FEATURE:0cxx_defaulted_move_initializers
    Feature record: CXX_FEATURE:0cxx_delegating_constructors
    Feature record: CXX_FEATURE:0cxx_deleted_functions
    Feature record: CXX_FEATURE:0cxx_digit_separators
    Feature record: CXX_FEATURE:0cxx_enum_forward_declarations
    Feature record: CXX_FEATURE:0cxx_explicit_conversions
    Feature record: CXX_FEATURE:0cxx_extended_friend_declarations
    Feature record: CXX_FEATURE:0cxx_extern_templates
    Feature record: CXX_FEATURE:0cxx_final
    Feature record: CXX_FEATURE:0cxx_func_identifier
    Feature record: CXX_FEATURE:0cxx_generalized_initializers
    Feature record: CXX_FEATURE:0cxx_generic_lambdas
    Feature record: CXX_FEATURE:0cxx_inheriting_constructors
    Feature record: CXX_FEATURE:0cxx_inline_namespaces
    Feature record: CXX_FEATURE:0cxx_lambdas
    Feature record: CXX_FEATURE:0cxx_lambda_init_captures
    Feature record: CXX_FEATURE:0cxx_local_type_template_args
    Feature record: CXX_FEATURE:0cxx_long_long_type
    Feature record: CXX_FEATURE:0cxx_noexcept
    Feature record: CXX_FEATURE:0cxx_nonstatic_member_init
    Feature record: CXX_FEATURE:0cxx_nullptr
    Feature record: CXX_FEATURE:0cxx_override
    Feature record: CXX_FEATURE:0cxx_range_for
    Feature record: CXX_FEATURE:0cxx_raw_string_literals
    Feature record: CXX_FEATURE:0cxx_reference_qualified_functions
    Feature record: CXX_FEATURE:0cxx_relaxed_constexpr
    Feature record: CXX_FEATURE:0cxx_return_type_deduction
    Feature record: CXX_FEATURE:0cxx_right_angle_brackets
    Feature record: CXX_FEATURE:0cxx_rvalue_references
    Feature record: CXX_FEATURE:0cxx_sizeof_member
    Feature record: CXX_FEATURE:0cxx_static_assert
    Feature record: CXX_FEATURE:0cxx_strong_enums
    Feature record: CXX_FEATURE:1cxx_template_template_parameters
    Feature record: CXX_FEATURE:0cxx_thread_local
    Feature record: CXX_FEATURE:0cxx_trailing_return_types
    Feature record: CXX_FEATURE:0cxx_unicode_literals
    Feature record: CXX_FEATURE:0cxx_uniform_initialization
    Feature record: CXX_FEATURE:0cxx_unrestricted_unions
    Feature record: CXX_FEATURE:0cxx_user_literals
    Feature record: CXX_FEATURE:0cxx_variable_templates
    Feature record: CXX_FEATURE:0cxx_variadic_macros
    Feature record: CXX_FEATURE:0cxx_variadic_templates
Determining if the C compiler works passed with the following output:
Change Dir: /home/longchair/github/longchair/LibreELEC.tv/build.PlexMediaPlayer-ROCK64.aarch64-9.0-devel/plexmediaplayer-dist-ninja/.aarch64-libreelec-linux-gnueabi/CMakeFiles/CMakeTmp

Run Build Command:"/home/longchair/github/longchair/LibreELEC.tv/build.PlexMediaPlayer-ROCK64.aarch64-9.0-devel/toolchain/bin/ninja" "cmTC_b3cc3"
[1/2] Building C object CMakeFiles/cmTC_b3cc3.dir/testCCompiler.c.o
[2/2] Linking C executable cmTC_b3cc3


Detecting C compiler ABI info compiled with the following output:
Change Dir: /home/longchair/github/longchair/LibreELEC.tv/build.PlexMediaPlayer-ROCK64.aarch64-9.0-devel/plexmediaplayer-dist-ninja/.aarch64-libreelec-linux-gnueabi/CMakeFiles/CMakeTmp

Run Build Command:"/home/longchair/github/longchair/LibreELEC.tv/build.PlexMediaPlayer-ROCK64.aarch64-9.0-devel/toolchain/bin/ninja" "cmTC_9c16c"
[1/2] Building C object CMakeFiles/cmTC_9c16c.dir/CMakeCCompilerABI.c.o
[2/2] Linking C executable cmTC_9c16c
Using built-in specs.
COLLECT_GCC=/home/longchair/github/longchair/LibreELEC.tv/build.PlexMediaPlayer-ROCK64.aarch64-9.0-devel/toolchain/bin/aarch64-libreelec-linux-gnueabi-gcc-7.2.0
COLLECT_LTO_WRAPPER=/home/longchair/github/longchair/LibreELEC.tv/build.PlexMediaPlayer-ROCK64.aarch64-9.0-devel/toolchain/lib/gcc/aarch64-libreelec-linux-gnueabi/7.2.0/lto-wrapper
Target: aarch64-libreelec-linux-gnueabi
Configured with: /home/longchair/github/longchair/LibreELEC.tv/build.PlexMediaPlayer-ROCK64.aarch64-9.0-devel/gcc-7.2.0/configure --host=x86_64-linux-gnu --build=x86_64-linux-gnu --prefix=/home/longchair/github/longchair/LibreELEC.tv/build.PlexMediaPlayer-ROCK64.aarch64-9.0-devel/toolchain --bindir=/home/longchair/github/longchair/LibreELEC.tv/build.PlexMediaPlayer-ROCK64.aarch64-9.0-devel/toolchain/bin --sbindir=/home/longchair/github/longchair/LibreELEC.tv/build.PlexMediaPlayer-ROCK64.aarch64-9.0-devel/toolchain/sbin --sysconfdir=/home/longchair/github/longchair/LibreELEC.tv/build.PlexMediaPlayer-ROCK64.aarch64-9.0-devel/toolchain/etc --libexecdir=/home/longchair/github/longchair/LibreELEC.tv/build.PlexMediaPlayer-ROCK64.aarch64-9.0-devel/toolchain/lib --localstatedir=/home/longchair/github/longchair/LibreELEC.tv/build.PlexMediaPlayer-ROCK64.aarch64-9.0-devel/toolchain/var --disable-static --enable-shared --target=aarch64-libreelec-linux-gnueabi --with-sysroot=/home/longchair/github/longchair/LibreELEC.tv/build.PlexMediaPlayer-ROCK64.aarch64-9.0-devel/toolchain/aarch64-libreelec-linux-gnueabi/sysroot --with-gmp=/home/longchair/github/longchair/LibreELEC.tv/build.PlexMediaPlayer-ROCK64.aarch64-9.0-devel/toolchain --with-mpfr=/home/longchair/github/longchair/LibreELEC.tv/build.PlexMediaPlayer-ROCK64.aarch64-9.0-devel/toolchain --with-mpc=/home/longchair/github/longchair/LibreELEC.tv/build.PlexMediaPlayer-ROCK64.aarch64-9.0-devel/toolchain --with-gnu-as --with-gnu-ld --enable-plugin --enable-lto --enable-gold --enable-ld=default --disable-multilib --disable-nls --enable-checking=release --with-default-libstdcxx-abi=gcc4-compatible --without-ppl --without-cloog --disable-libada --disable-libmudflap --disable-libatomic --disable-libitm --disable-libquadmath --disable-libgomp --disable-libmpx --disable-libssp --enable-languages=c,c++ --enable-__cxa_atexit --enable-decimal-float --enable-tls --enable-shared --disable-static --enable-c99 --enable-long-long --enable-threads=posix --disable-libstdcxx-pch --enable-libstdcxx-time --enable-clocale=gnu --with-abi=lp64 --with-arch=armv8-a
Thread model: posix
gcc version 7.2.0 (GCC) 
COMPILER_PATH=/home/longchair/github/longchair/LibreELEC.tv/build.PlexMediaPlayer-ROCK64.aarch64-9.0-devel/toolchain/lib/gcc/aarch64-libreelec-linux-gnueabi/7.2.0/:/home/longchair/github/longchair/LibreELEC.tv/build.PlexMediaPlayer-ROCK64.aarch64-9.0-devel/toolchain/lib/gcc/aarch64-libreelec-linux-gnueabi/7.2.0/:/home/longchair/github/longchair/LibreELEC.tv/build.PlexMediaPlayer-ROCK64.aarch64-9.0-devel/toolchain/lib/gcc/aarch64-libreelec-linux-gnueabi/:/home/longchair/github/longchair/LibreELEC.tv/build.PlexMediaPlayer-ROCK64.aarch64-9.0-devel/toolchain/lib/gcc/aarch64-libreelec-linux-gnueabi/7.2.0/:/home/longchair/github/longchair/LibreELEC.tv/build.PlexMediaPlayer-ROCK64.aarch64-9.0-devel/toolchain/lib/gcc/aarch64-libreelec-linux-gnueabi/:/home/longchair/github/longchair/LibreELEC.tv/build.PlexMediaPlayer-ROCK64.aarch64-9.0-devel/toolchain/lib/gcc/aarch64-libreelec-linux-gnueabi/7.2.0/../../../../aarch64-libreelec-linux-gnueabi/bin/
LIBRARY_PATH=/home/longchair/github/longchair/LibreELEC.tv/build.PlexMediaPlayer-ROCK64.aarch64-9.0-devel/toolchain/lib/gcc/aarch64-libreelec-linux-gnueabi/7.2.0/:/home/longchair/github/longchair/LibreELEC.tv/build.PlexMediaPlayer-ROCK64.aarch64-9.0-devel/toolchain/lib/gcc/aarch64-libreelec-linux-gnueabi/7.2.0/../../../../aarch64-libreelec-linux-gnueabi/lib/../lib64/:/home/longchair/github/longchair/LibreELEC.tv/build.PlexMediaPlayer-ROCK64.aarch64-9.0-devel/toolchain/lib/gcc/aarch64-libreelec-linux-gnueabi/7.2.0/../../../../aarch64-libreelec-linux-gnueabi/lib/:/home/longchair/github/longchair/LibreELEC.tv/build.PlexMediaPlayer-ROCK64.aarch64-9.0-devel/toolchain/aarch64-libreelec-linux-gnueabi/sysroot/lib/:/home/longchair/github/longchair/LibreELEC.tv/build.PlexMediaPlayer-ROCK64.aarch64-9.0-devel/toolchain/aarch64-libreelec-linux-gnueabi/sysroot/usr/lib/
COLLECT_GCC_OPTIONS='-march=armv8-a+crc+crypto' '-mabi=lp64' '-Wno-psabi' '-mcpu=cortex-a53+crc+crypto' '-fomit-frame-pointer' '-Wall' '-pipe' '-Os' '-march=armv8-a+crc+crypto' '-mtune=cortex-a53' '-fuse-ld=gold' '-v' '-rdynamic' '-o' 'cmTC_9c16c' '-mlittle-endian'
 /home/longchair/github/longchair/LibreELEC.tv/build.PlexMediaPlayer-ROCK64.aarch64-9.0-devel/toolchain/lib/gcc/aarch64-libreelec-linux-gnueabi/7.2.0/collect2 -plugin /home/longchair/github/longchair/LibreELEC.tv/build.PlexMediaPlayer-ROCK64.aarch64-9.0-devel/toolchain/lib/gcc/aarch64-libreelec-linux-gnueabi/7.2.0/liblto_plugin.so -plugin-opt=/home/longchair/github/longchair/LibreELEC.tv/build.PlexMediaPlayer-ROCK64.aarch64-9.0-devel/toolchain/lib/gcc/aarch64-libreelec-linux-gnueabi/7.2.0/lto-wrapper -plugin-opt=-fresolution=/tmp/ccvI3qwD.res -plugin-opt=-pass-through=-lgcc -plugin-opt=-pass-through=-lgcc_s -plugin-opt=-pass-through=-lc -plugin-opt=-pass-through=-lgcc -plugin-opt=-pass-through=-lgcc_s --sysroot=/home/longchair/github/longchair/LibreELEC.tv/build.PlexMediaPlayer-ROCK64.aarch64-9.0-devel/toolchain/aarch64-libreelec-linux-gnueabi/sysroot --eh-frame-hdr -export-dynamic -dynamic-linker /lib/ld-linux-aarch64.so.1 -X -EL -maarch64linux -fuse-ld=gold -o cmTC_9c16c /home/longchair/github/longchair/LibreELEC.tv/build.PlexMediaPlayer-ROCK64.aarch64-9.0-devel/toolchain/aarch64-libreelec-linux-gnueabi/sysroot/usr/lib/crt1.o /home/longchair/github/longchair/LibreELEC.tv/build.PlexMediaPlayer-ROCK64.aarch64-9.0-devel/toolchain/aarch64-libreelec-linux-gnueabi/sysroot/usr/lib/crti.o /home/longchair/github/longchair/LibreELEC.tv/build.PlexMediaPlayer-ROCK64.aarch64-9.0-devel/toolchain/lib/gcc/aarch64-libreelec-linux-gnueabi/7.2.0/crtbegin.o -L/home/longchair/github/longchair/LibreELEC.tv/build.PlexMediaPlayer-ROCK64.aarch64-9.0-devel/toolchain/lib/gcc/aarch64-libreelec-linux-gnueabi/7.2.0 -L/home/longchair/github/longchair/LibreELEC.tv/build.PlexMediaPlayer-ROCK64.aarch64-9.0-devel/toolchain/lib/gcc/aarch64-libreelec-linux-gnueabi/7.2.0/../../../../aarch64-libreelec-linux-gnueabi/lib/../lib64 -L/home/longchair/github/longchair/LibreELEC.tv/build.PlexMediaPlayer-ROCK64.aarch64-9.0-devel/toolchain/lib/gcc/aarch64-libreelec-linux-gnueabi/7.2.0/../../../../aarch64-libreelec-linux-gnueabi/lib -L/home/longchair/github/longchair/LibreELEC.tv/build.PlexMediaPlayer-ROCK64.aarch64-9.0-devel/toolchain/aarch64-libreelec-linux-gnueabi/sysroot/lib -L/home/longchair/github/longchair/LibreELEC.tv/build.PlexMediaPlayer-ROCK64.aarch64-9.0-devel/toolchain/aarch64-libreelec-linux-gnueabi/sysroot/usr/lib --as-needed CMakeFiles/cmTC_9c16c.dir/CMakeCCompilerABI.c.o -lgcc --as-needed -lgcc_s --no-as-needed -lc -lgcc --as-needed -lgcc_s --no-as-needed /home/longchair/github/longchair/LibreELEC.tv/build.PlexMediaPlayer-ROCK64.aarch64-9.0-devel/toolchain/lib/gcc/aarch64-libreelec-linux-gnueabi/7.2.0/crtend.o /home/longchair/github/longchair/LibreELEC.tv/build.PlexMediaPlayer-ROCK64.aarch64-9.0-devel/toolchain/aarch64-libreelec-linux-gnueabi/sysroot/usr/lib/crtn.o
COLLECT_GCC_OPTIONS='-march=armv8-a+crc+crypto' '-mabi=lp64' '-Wno-psabi' '-mcpu=cortex-a53+crc+crypto' '-fomit-frame-pointer' '-Wall' '-pipe' '-Os' '-march=armv8-a+crc+crypto' '-mtune=cortex-a53' '-fuse-ld=gold' '-v' '-rdynamic' '-o' 'cmTC_9c16c' '-mlittle-endian'


Parsed C implicit link information from above output:
  link line regex: [^( *|.*[/\])(aarch64-libreelec-linux-gnueabi-ld|CMAKE_LINK_STARTFILE-NOTFOUND|([^/\]+-)?ld|collect2)[^/\]*( |$)]
  ignore line: [Change Dir: /home/longchair/github/longchair/LibreELEC.tv/build.PlexMediaPlayer-ROCK64.aarch64-9.0-devel/plexmediaplayer-dist-ninja/.aarch64-libreelec-linux-gnueabi/CMakeFiles/CMakeTmp]
  ignore line: []
  ignore line: [Run Build Command:"/home/longchair/github/longchair/LibreELEC.tv/build.PlexMediaPlayer-ROCK64.aarch64-9.0-devel/toolchain/bin/ninja" "cmTC_9c16c"]
  ignore line: [[1/2] Building C object CMakeFiles/cmTC_9c16c.dir/CMakeCCompilerABI.c.o]
  ignore line: [[2/2] Linking C executable cmTC_9c16c]
  ignore line: [Using built-in specs.]
  ignore line: [COLLECT_GCC=/home/longchair/github/longchair/LibreELEC.tv/build.PlexMediaPlayer-ROCK64.aarch64-9.0-devel/toolchain/bin/aarch64-libreelec-linux-gnueabi-gcc-7.2.0]
  ignore line: [COLLECT_LTO_WRAPPER=/home/longchair/github/longchair/LibreELEC.tv/build.PlexMediaPlayer-ROCK64.aarch64-9.0-devel/toolchain/lib/gcc/aarch64-libreelec-linux-gnueabi/7.2.0/lto-wrapper]
  ignore line: [Target: aarch64-libreelec-linux-gnueabi]
  ignore line: [Configured with: /home/longchair/github/longchair/LibreELEC.tv/build.PlexMediaPlayer-ROCK64.aarch64-9.0-devel/gcc-7.2.0/configure --host=x86_64-linux-gnu --build=x86_64-linux-gnu --prefix=/home/longchair/github/longchair/LibreELEC.tv/build.PlexMediaPlayer-ROCK64.aarch64-9.0-devel/toolchain --bindir=/home/longchair/github/longchair/LibreELEC.tv/build.PlexMediaPlayer-ROCK64.aarch64-9.0-devel/toolchain/bin --sbindir=/home/longchair/github/longchair/LibreELEC.tv/build.PlexMediaPlayer-ROCK64.aarch64-9.0-devel/toolchain/sbin --sysconfdir=/home/longchair/github/longchair/LibreELEC.tv/build.PlexMediaPlayer-ROCK64.aarch64-9.0-devel/toolchain/etc --libexecdir=/home/longchair/github/longchair/LibreELEC.tv/build.PlexMediaPlayer-ROCK64.aarch64-9.0-devel/toolchain/lib --localstatedir=/home/longchair/github/longchair/LibreELEC.tv/build.PlexMediaPlayer-ROCK64.aarch64-9.0-devel/toolchain/var --disable-static --enable-shared --target=aarch64-libreelec-linux-gnueabi --with-sysroot=/home/longchair/github/longchair/LibreELEC.tv/build.PlexMediaPlayer-ROCK64.aarch64-9.0-devel/toolchain/aarch64-libreelec-linux-gnueabi/sysroot --with-gmp=/home/longchair/github/longchair/LibreELEC.tv/build.PlexMediaPlayer-ROCK64.aarch64-9.0-devel/toolchain --with-mpfr=/home/longchair/github/longchair/LibreELEC.tv/build.PlexMediaPlayer-ROCK64.aarch64-9.0-devel/toolchain --with-mpc=/home/longchair/github/longchair/LibreELEC.tv/build.PlexMediaPlayer-ROCK64.aarch64-9.0-devel/toolchain --with-gnu-as --with-gnu-ld --enable-plugin --enable-lto --enable-gold --enable-ld=default --disable-multilib --disable-nls --enable-checking=release --with-default-libstdcxx-abi=gcc4-compatible --without-ppl --without-cloog --disable-libada --disable-libmudflap --disable-libatomic --disable-libitm --disable-libquadmath --disable-libgomp --disable-libmpx --disable-libssp --enable-languages=c,c++ --enable-__cxa_atexit --enable-decimal-float --enable-tls --enable-shared --disable-static --enable-c99 --enable-long-long --enable-threads=posix --disable-libstdcxx-pch --enable-libstdcxx-time --enable-clocale=gnu --with-abi=lp64 --with-arch=armv8-a]
  ignore line: [Thread model: posix]
  ignore line: [gcc version 7.2.0 (GCC) ]
  ignore line: [COMPILER_PATH=/home/longchair/github/longchair/LibreELEC.tv/build.PlexMediaPlayer-ROCK64.aarch64-9.0-devel/toolchain/lib/gcc/aarch64-libreelec-linux-gnueabi/7.2.0/:/home/longchair/github/longchair/LibreELEC.tv/build.PlexMediaPlayer-ROCK64.aarch64-9.0-devel/toolchain/lib/gcc/aarch64-libreelec-linux-gnueabi/7.2.0/:/home/longchair/github/longchair/LibreELEC.tv/build.PlexMediaPlayer-ROCK64.aarch64-9.0-devel/toolchain/lib/gcc/aarch64-libreelec-linux-gnueabi/:/home/longchair/github/longchair/LibreELEC.tv/build.PlexMediaPlayer-ROCK64.aarch64-9.0-devel/toolchain/lib/gcc/aarch64-libreelec-linux-gnueabi/7.2.0/:/home/longchair/github/longchair/LibreELEC.tv/build.PlexMediaPlayer-ROCK64.aarch64-9.0-devel/toolchain/lib/gcc/aarch64-libreelec-linux-gnueabi/:/home/longchair/github/longchair/LibreELEC.tv/build.PlexMediaPlayer-ROCK64.aarch64-9.0-devel/toolchain/lib/gcc/aarch64-libreelec-linux-gnueabi/7.2.0/../../../../aarch64-libreelec-linux-gnueabi/bin/]
  ignore line: [LIBRARY_PATH=/home/longchair/github/longchair/LibreELEC.tv/build.PlexMediaPlayer-ROCK64.aarch64-9.0-devel/toolchain/lib/gcc/aarch64-libreelec-linux-gnueabi/7.2.0/:/home/longchair/github/longchair/LibreELEC.tv/build.PlexMediaPlayer-ROCK64.aarch64-9.0-devel/toolchain/lib/gcc/aarch64-libreelec-linux-gnueabi/7.2.0/../../../../aarch64-libreelec-linux-gnueabi/lib/../lib64/:/home/longchair/github/longchair/LibreELEC.tv/build.PlexMediaPlayer-ROCK64.aarch64-9.0-devel/toolchain/lib/gcc/aarch64-libreelec-linux-gnueabi/7.2.0/../../../../aarch64-libreelec-linux-gnueabi/lib/:/home/longchair/github/longchair/LibreELEC.tv/build.PlexMediaPlayer-ROCK64.aarch64-9.0-devel/toolchain/aarch64-libreelec-linux-gnueabi/sysroot/lib/:/home/longchair/github/longchair/LibreELEC.tv/build.PlexMediaPlayer-ROCK64.aarch64-9.0-devel/toolchain/aarch64-libreelec-linux-gnueabi/sysroot/usr/lib/]
  ignore line: [COLLECT_GCC_OPTIONS='-march=armv8-a+crc+crypto' '-mabi=lp64' '-Wno-psabi' '-mcpu=cortex-a53+crc+crypto' '-fomit-frame-pointer' '-Wall' '-pipe' '-Os' '-march=armv8-a+crc+crypto' '-mtune=cortex-a53' '-fuse-ld=gold' '-v' '-rdynamic' '-o' 'cmTC_9c16c' '-mlittle-endian']
  link line: [ /home/longchair/github/longchair/LibreELEC.tv/build.PlexMediaPlayer-ROCK64.aarch64-9.0-devel/toolchain/lib/gcc/aarch64-libreelec-linux-gnueabi/7.2.0/collect2 -plugin /home/longchair/github/longchair/LibreELEC.tv/build.PlexMediaPlayer-ROCK64.aarch64-9.0-devel/toolchain/lib/gcc/aarch64-libreelec-linux-gnueabi/7.2.0/liblto_plugin.so -plugin-opt=/home/longchair/github/longchair/LibreELEC.tv/build.PlexMediaPlayer-ROCK64.aarch64-9.0-devel/toolchain/lib/gcc/aarch64-libreelec-linux-gnueabi/7.2.0/lto-wrapper -plugin-opt=-fresolution=/tmp/ccvI3qwD.res -plugin-opt=-pass-through=-lgcc -plugin-opt=-pass-through=-lgcc_s -plugin-opt=-pass-through=-lc -plugin-opt=-pass-through=-lgcc -plugin-opt=-pass-through=-lgcc_s --sysroot=/home/longchair/github/longchair/LibreELEC.tv/build.PlexMediaPlayer-ROCK64.aarch64-9.0-devel/toolchain/aarch64-libreelec-linux-gnueabi/sysroot --eh-frame-hdr -export-dynamic -dynamic-linker /lib/ld-linux-aarch64.so.1 -X -EL -maarch64linux -fuse-ld=gold -o cmTC_9c16c /home/longchair/github/longchair/LibreELEC.tv/build.PlexMediaPlayer-ROCK64.aarch64-9.0-devel/toolchain/aarch64-libreelec-linux-gnueabi/sysroot/usr/lib/crt1.o /home/longchair/github/longchair/LibreELEC.tv/build.PlexMediaPlayer-ROCK64.aarch64-9.0-devel/toolchain/aarch64-libreelec-linux-gnueabi/sysroot/usr/lib/crti.o /home/longchair/github/longchair/LibreELEC.tv/build.PlexMediaPlayer-ROCK64.aarch64-9.0-devel/toolchain/lib/gcc/aarch64-libreelec-linux-gnueabi/7.2.0/crtbegin.o -L/home/longchair/github/longchair/LibreELEC.tv/build.PlexMediaPlayer-ROCK64.aarch64-9.0-devel/toolchain/lib/gcc/aarch64-libreelec-linux-gnueabi/7.2.0 -L/home/longchair/github/longchair/LibreELEC.tv/build.PlexMediaPlayer-ROCK64.aarch64-9.0-devel/toolchain/lib/gcc/aarch64-libreelec-linux-gnueabi/7.2.0/../../../../aarch64-libreelec-linux-gnueabi/lib/../lib64 -L/home/longchair/github/longchair/LibreELEC.tv/build.PlexMediaPlayer-ROCK64.aarch64-9.0-devel/toolchain/lib/gcc/aarch64-libreelec-linux-gnueabi/7.2.0/../../../../aarch64-libreelec-linux-gnueabi/lib -L/home/longchair/github/longchair/LibreELEC.tv/build.PlexMediaPlayer-ROCK64.aarch64-9.0-devel/toolchain/aarch64-libreelec-linux-gnueabi/sysroot/lib -L/home/longchair/github/longchair/LibreELEC.tv/build.PlexMediaPlayer-ROCK64.aarch64-9.0-devel/toolchain/aarch64-libreelec-linux-gnueabi/sysroot/usr/lib --as-needed CMakeFiles/cmTC_9c16c.dir/CMakeCCompilerABI.c.o -lgcc --as-needed -lgcc_s --no-as-needed -lc -lgcc --as-needed -lgcc_s --no-as-needed /home/longchair/github/longchair/LibreELEC.tv/build.PlexMediaPlayer-ROCK64.aarch64-9.0-devel/toolchain/lib/gcc/aarch64-libreelec-linux-gnueabi/7.2.0/crtend.o /home/longchair/github/longchair/LibreELEC.tv/build.PlexMediaPlayer-ROCK64.aarch64-9.0-devel/toolchain/aarch64-libreelec-linux-gnueabi/sysroot/usr/lib/crtn.o]
    arg [/home/longchair/github/longchair/LibreELEC.tv/build.PlexMediaPlayer-ROCK64.aarch64-9.0-devel/toolchain/lib/gcc/aarch64-libreelec-linux-gnueabi/7.2.0/collect2] ==> ignore
    arg [-plugin] ==> ignore
    arg [/home/longchair/github/longchair/LibreELEC.tv/build.PlexMediaPlayer-ROCK64.aarch64-9.0-devel/toolchain/lib/gcc/aarch64-libreelec-linux-gnueabi/7.2.0/liblto_plugin.so] ==> ignore
    arg [-plugin-opt=/home/longchair/github/longchair/LibreELEC.tv/build.PlexMediaPlayer-ROCK64.aarch64-9.0-devel/toolchain/lib/gcc/aarch64-libreelec-linux-gnueabi/7.2.0/lto-wrapper] ==> ignore
    arg [-plugin-opt=-fresolution=/tmp/ccvI3qwD.res] ==> ignore
    arg [-plugin-opt=-pass-through=-lgcc] ==> ignore
    arg [-plugin-opt=-pass-through=-lgcc_s] ==> ignore
    arg [-plugin-opt=-pass-through=-lc] ==> ignore
    arg [-plugin-opt=-pass-through=-lgcc] ==> ignore
    arg [-plugin-opt=-pass-through=-lgcc_s] ==> ignore
    arg [--sysroot=/home/longchair/github/longchair/LibreELEC.tv/build.PlexMediaPlayer-ROCK64.aarch64-9.0-devel/toolchain/aarch64-libreelec-linux-gnueabi/sysroot] ==> ignore
    arg [--eh-frame-hdr] ==> ignore
    arg [-export-dynamic] ==> ignore
    arg [-dynamic-linker] ==> ignore
    arg [/lib/ld-linux-aarch64.so.1] ==> ignore
    arg [-X] ==> ignore
    arg [-EL] ==> ignore
    arg [-maarch64linux] ==> ignore
    arg [-fuse-ld=gold] ==> ignore
    arg [-o] ==> ignore
    arg [cmTC_9c16c] ==> ignore
    arg [/home/longchair/github/longchair/LibreELEC.tv/build.PlexMediaPlayer-ROCK64.aarch64-9.0-devel/toolchain/aarch64-libreelec-linux-gnueabi/sysroot/usr/lib/crt1.o] ==> ignore
    arg [/home/longchair/github/longchair/LibreELEC.tv/build.PlexMediaPlayer-ROCK64.aarch64-9.0-devel/toolchain/aarch64-libreelec-linux-gnueabi/sysroot/usr/lib/crti.o] ==> ignore
    arg [/home/longchair/github/longchair/LibreELEC.tv/build.PlexMediaPlayer-ROCK64.aarch64-9.0-devel/toolchain/lib/gcc/aarch64-libreelec-linux-gnueabi/7.2.0/crtbegin.o] ==> ignore
    arg [-L/home/longchair/github/longchair/LibreELEC.tv/build.PlexMediaPlayer-ROCK64.aarch64-9.0-devel/toolchain/lib/gcc/aarch64-libreelec-linux-gnueabi/7.2.0] ==> dir [/home/longchair/github/longchair/LibreELEC.tv/build.PlexMediaPlayer-ROCK64.aarch64-9.0-devel/toolchain/lib/gcc/aarch64-libreelec-linux-gnueabi/7.2.0]
    arg [-L/home/longchair/github/longchair/LibreELEC.tv/build.PlexMediaPlayer-ROCK64.aarch64-9.0-devel/toolchain/lib/gcc/aarch64-libreelec-linux-gnueabi/7.2.0/../../../../aarch64-libreelec-linux-gnueabi/lib/../lib64] ==> dir [/home/longchair/github/longchair/LibreELEC.tv/build.PlexMediaPlayer-ROCK64.aarch64-9.0-devel/toolchain/lib/gcc/aarch64-libreelec-linux-gnueabi/7.2.0/../../../../aarch64-libreelec-linux-gnueabi/lib/../lib64]
    arg [-L/home/longchair/github/longchair/LibreELEC.tv/build.PlexMediaPlayer-ROCK64.aarch64-9.0-devel/toolchain/lib/gcc/aarch64-libreelec-linux-gnueabi/7.2.0/../../../../aarch64-libreelec-linux-gnueabi/lib] ==> dir [/home/longchair/github/longchair/LibreELEC.tv/build.PlexMediaPlayer-ROCK64.aarch64-9.0-devel/toolchain/lib/gcc/aarch64-libreelec-linux-gnueabi/7.2.0/../../../../aarch64-libreelec-linux-gnueabi/lib]
    arg [-L/home/longchair/github/longchair/LibreELEC.tv/build.PlexMediaPlayer-ROCK64.aarch64-9.0-devel/toolchain/aarch64-libreelec-linux-gnueabi/sysroot/lib] ==> dir [/home/longchair/github/longchair/LibreELEC.tv/build.PlexMediaPlayer-ROCK64.aarch64-9.0-devel/toolchain/aarch64-libreelec-linux-gnueabi/sysroot/lib]
    arg [-L/home/longchair/github/longchair/LibreELEC.tv/build.PlexMediaPlayer-ROCK64.aarch64-9.0-devel/toolchain/aarch64-libreelec-linux-gnueabi/sysroot/usr/lib] ==> dir [/home/longchair/github/longchair/LibreELEC.tv/build.PlexMediaPlayer-ROCK64.aarch64-9.0-devel/toolchain/aarch64-libreelec-linux-gnueabi/sysroot/usr/lib]
    arg [--as-needed] ==> ignore
    arg [CMakeFiles/cmTC_9c16c.dir/CMakeCCompilerABI.c.o] ==> ignore
    arg [-lgcc] ==> lib [gcc]
    arg [--as-needed] ==> ignore
    arg [-lgcc_s] ==> lib [gcc_s]
    arg [--no-as-needed] ==> ignore
    arg [-lc] ==> lib [c]
    arg [-lgcc] ==> lib [gcc]
    arg [--as-needed] ==> ignore
    arg [-lgcc_s] ==> lib [gcc_s]
    arg [--no-as-needed] ==> ignore
    arg [/home/longchair/github/longchair/LibreELEC.tv/build.PlexMediaPlayer-ROCK64.aarch64-9.0-devel/toolchain/lib/gcc/aarch64-libreelec-linux-gnueabi/7.2.0/crtend.o] ==> ignore
    arg [/home/longchair/github/longchair/LibreELEC.tv/build.PlexMediaPlayer-ROCK64.aarch64-9.0-devel/toolchain/aarch64-libreelec-linux-gnueabi/sysroot/usr/lib/crtn.o] ==> ignore
  collapse library dir [/home/longchair/github/longchair/LibreELEC.tv/build.PlexMediaPlayer-ROCK64.aarch64-9.0-devel/toolchain/lib/gcc/aarch64-libreelec-linux-gnueabi/7.2.0] ==> [/home/longchair/github/longchair/LibreELEC.tv/build.PlexMediaPlayer-ROCK64.aarch64-9.0-devel/toolchain/lib/gcc/aarch64-libreelec-linux-gnueabi/7.2.0]
  collapse library dir [/home/longchair/github/longchair/LibreELEC.tv/build.PlexMediaPlayer-ROCK64.aarch64-9.0-devel/toolchain/lib/gcc/aarch64-libreelec-linux-gnueabi/7.2.0/../../../../aarch64-libreelec-linux-gnueabi/lib/../lib64] ==> [/home/longchair/github/longchair/LibreELEC.tv/build.PlexMediaPlayer-ROCK64.aarch64-9.0-devel/toolchain/aarch64-libreelec-linux-gnueabi/lib64]
  collapse library dir [/home/longchair/github/longchair/LibreELEC.tv/build.PlexMediaPlayer-ROCK64.aarch64-9.0-devel/toolchain/lib/gcc/aarch64-libreelec-linux-gnueabi/7.2.0/../../../../aarch64-libreelec-linux-gnueabi/lib] ==> [/home/longchair/github/longchair/LibreELEC.tv/build.PlexMediaPlayer-ROCK64.aarch64-9.0-devel/toolchain/aarch64-libreelec-linux-gnueabi/lib]
  collapse library dir [/home/longchair/github/longchair/LibreELEC.tv/build.PlexMediaPlayer-ROCK64.aarch64-9.0-devel/toolchain/aarch64-libreelec-linux-gnueabi/sysroot/lib] ==> [/home/longchair/github/longchair/LibreELEC.tv/build.PlexMediaPlayer-ROCK64.aarch64-9.0-devel/toolchain/aarch64-libreelec-linux-gnueabi/sysroot/lib]
  collapse library dir [/home/longchair/github/longchair/LibreELEC.tv/build.PlexMediaPlayer-ROCK64.aarch64-9.0-devel/toolchain/aarch64-libreelec-linux-gnueabi/sysroot/usr/lib] ==> [/home/longchair/github/longchair/LibreELEC.tv/build.PlexMediaPlayer-ROCK64.aarch64-9.0-devel/toolchain/aarch64-libreelec-linux-gnueabi/sysroot/usr/lib]
  implicit libs: [gcc;gcc_s;c;gcc;gcc_s]
  implicit dirs: [/home/longchair/github/longchair/LibreELEC.tv/build.PlexMediaPlayer-ROCK64.aarch64-9.0-devel/toolchain/lib/gcc/aarch64-libreelec-linux-gnueabi/7.2.0;/home/longchair/github/longchair/LibreELEC.tv/build.PlexMediaPlayer-ROCK64.aarch64-9.0-devel/toolchain/aarch64-libreelec-linux-gnueabi/lib64;/home/longchair/github/longchair/LibreELEC.tv/build.PlexMediaPlayer-ROCK64.aarch64-9.0-devel/toolchain/aarch64-libreelec-linux-gnueabi/lib;/home/longchair/github/longchair/LibreELEC.tv/build.PlexMediaPlayer-ROCK64.aarch64-9.0-devel/toolchain/aarch64-libreelec-linux-gnueabi/sysroot/lib;/home/longchair/github/longchair/LibreELEC.tv/build.PlexMediaPlayer-ROCK64.aarch64-9.0-devel/toolchain/aarch64-libreelec-linux-gnueabi/sysroot/usr/lib]
  implicit fwks: []




Detecting C [-std=c11] compiler features compiled with the following output:
Change Dir: /home/longchair/github/longchair/LibreELEC.tv/build.PlexMediaPlayer-ROCK64.aarch64-9.0-devel/plexmediaplayer-dist-ninja/.aarch64-libreelec-linux-gnueabi/CMakeFiles/CMakeTmp

Run Build Command:"/home/longchair/github/longchair/LibreELEC.tv/build.PlexMediaPlayer-ROCK64.aarch64-9.0-devel/toolchain/bin/ninja" "cmTC_fd2ef"
[1/2] Building C object CMakeFiles/cmTC_fd2ef.dir/feature_tests.c.o
[2/2] Linking C executable cmTC_fd2ef


    Feature record: C_FEATURE:1c_function_prototypes
    Feature record: C_FEATURE:1c_restrict
    Feature record: C_FEATURE:1c_static_assert
    Feature record: C_FEATURE:1c_variadic_macros


Detecting C [-std=c99] compiler features compiled with the following output:
Change Dir: /home/longchair/github/longchair/LibreELEC.tv/build.PlexMediaPlayer-ROCK64.aarch64-9.0-devel/plexmediaplayer-dist-ninja/.aarch64-libreelec-linux-gnueabi/CMakeFiles/CMakeTmp

Run Build Command:"/home/longchair/github/longchair/LibreELEC.tv/build.PlexMediaPlayer-ROCK64.aarch64-9.0-devel/toolchain/bin/ninja" "cmTC_0c880"
[1/2] Building C object CMakeFiles/cmTC_0c880.dir/feature_tests.c.o
[2/2] Linking C executable cmTC_0c880


    Feature record: C_FEATURE:1c_function_prototypes
    Feature record: C_FEATURE:1c_restrict
    Feature record: C_FEATURE:0c_static_assert
    Feature record: C_FEATURE:1c_variadic_macros


Detecting C [-std=c90] compiler features compiled with the following output:
Change Dir: /home/longchair/github/longchair/LibreELEC.tv/build.PlexMediaPlayer-ROCK64.aarch64-9.0-devel/plexmediaplayer-dist-ninja/.aarch64-libreelec-linux-gnueabi/CMakeFiles/CMakeTmp

Run Build Command:"/home/longchair/github/longchair/LibreELEC.tv/build.PlexMediaPlayer-ROCK64.aarch64-9.0-devel/toolchain/bin/ninja" "cmTC_5df82"
[1/2] Building C object CMakeFiles/cmTC_5df82.dir/feature_tests.c.o
[2/2] Linking C executable cmTC_5df82


    Feature record: C_FEATURE:1c_function_prototypes
    Feature record: C_FEATURE:0c_restrict
    Feature record: C_FEATURE:0c_static_assert
    Feature record: C_FEATURE:0c_variadic_macros
Performing C++ SOURCE FILE Test HAVE_FLAG_Wall succeeded with the following output:
Change Dir: /home/longchair/github/longchair/LibreELEC.tv/build.PlexMediaPlayer-ROCK64.aarch64-9.0-devel/plexmediaplayer-dist-ninja/.aarch64-libreelec-linux-gnueabi/CMakeFiles/CMakeTmp

Run Build Command:"/home/longchair/github/longchair/LibreELEC.tv/build.PlexMediaPlayer-ROCK64.aarch64-9.0-devel/toolchain/bin/ninja" "cmTC_9c2c8"
[1/2] Building CXX object CMakeFiles/cmTC_9c2c8.dir/src.cxx.o
[2/2] Linking CXX executable cmTC_9c2c8

Source file was:
int main() { return 0; }
Performing C++ SOURCE FILE Test HAVE_FLAG_fno_omit_frame_pointer succeeded with the following output:
Change Dir: /home/longchair/github/longchair/LibreELEC.tv/build.PlexMediaPlayer-ROCK64.aarch64-9.0-devel/plexmediaplayer-dist-ninja/.aarch64-libreelec-linux-gnueabi/CMakeFiles/CMakeTmp

Run Build Command:"/home/longchair/github/longchair/LibreELEC.tv/build.PlexMediaPlayer-ROCK64.aarch64-9.0-devel/toolchain/bin/ninja" "cmTC_232f4"
[1/2] Building CXX object CMakeFiles/cmTC_232f4.dir/src.cxx.o
[2/2] Linking CXX executable cmTC_232f4

Source file was:
int main() { return 0; }
Performing C++ SOURCE FILE Test HAVE_FLAG_fvisibility_inlines_hidden succeeded with the following output:
Change Dir: /home/longchair/github/longchair/LibreELEC.tv/build.PlexMediaPlayer-ROCK64.aarch64-9.0-devel/plexmediaplayer-dist-ninja/.aarch64-libreelec-linux-gnueabi/CMakeFiles/CMakeTmp

Run Build Command:"/home/longchair/github/longchair/LibreELEC.tv/build.PlexMediaPlayer-ROCK64.aarch64-9.0-devel/toolchain/bin/ninja" "cmTC_efdea"
[1/2] Building CXX object CMakeFiles/cmTC_efdea.dir/src.cxx.o
[2/2] Linking CXX executable cmTC_efdea

Source file was:
int main() { return 0; }
Performing C++ SOURCE FILE Test HAVE_FLAG_flto succeeded with the following output:
Change Dir: /home/longchair/github/longchair/LibreELEC.tv/build.PlexMediaPlayer-ROCK64.aarch64-9.0-devel/plexmediaplayer-dist-ninja/.aarch64-libreelec-linux-gnueabi/CMakeFiles/CMakeTmp

Run Build Command:"/home/longchair/github/longchair/LibreELEC.tv/build.PlexMediaPlayer-ROCK64.aarch64-9.0-devel/toolchain/bin/ninja" "cmTC_02de4"
[1/2] Building CXX object CMakeFiles/cmTC_02de4.dir/src.cxx.o
[2/2] Linking CXX executable cmTC_02de4

Source file was:
int main() { return 0; }
Performing C++ SOURCE FILE Test HAVE_FLAG_fuse_ld=gold succeeded with the following output:
Change Dir: /home/longchair/github/longchair/LibreELEC.tv/build.PlexMediaPlayer-ROCK64.aarch64-9.0-devel/plexmediaplayer-dist-ninja/.aarch64-libreelec-linux-gnueabi/CMakeFiles/CMakeTmp

Run Build Command:"/home/longchair/github/longchair/LibreELEC.tv/build.PlexMediaPlayer-ROCK64.aarch64-9.0-devel/toolchain/bin/ninja" "cmTC_899da"
[1/2] Building CXX object CMakeFiles/cmTC_899da.dir/src.cxx.o
[2/2] Linking CXX executable cmTC_899da

Source file was:
int main() { return 0; }
Determining if the include file pthread.h exists passed with the following output:
Change Dir: /home/longchair/github/longchair/LibreELEC.tv/build.PlexMediaPlayer-ROCK64.aarch64-9.0-devel/plexmediaplayer-dist-ninja/.aarch64-libreelec-linux-gnueabi/CMakeFiles/CMakeTmp

Run Build Command:"/home/longchair/github/longchair/LibreELEC.tv/build.PlexMediaPlayer-ROCK64.aarch64-9.0-devel/toolchain/bin/ninja" "cmTC_e21b3"
[1/2] Building C object CMakeFiles/cmTC_e21b3.dir/CheckIncludeFile.c.o
cc1: warning: command line option '-fvisibility-inlines-hidden' is valid for C++/ObjC++ but not for C
[2/2] Linking C executable cmTC_e21b3


Determining if the function pthread_create exists in the pthread passed with the following output:
Change Dir: /home/longchair/github/longchair/LibreELEC.tv/build.PlexMediaPlayer-ROCK64.aarch64-9.0-devel/plexmediaplayer-dist-ninja/.aarch64-libreelec-linux-gnueabi/CMakeFiles/CMakeTmp

Run Build Command:"/home/longchair/github/longchair/LibreELEC.tv/build.PlexMediaPlayer-ROCK64.aarch64-9.0-devel/toolchain/bin/ninja" "cmTC_6dba7"
[1/2] Building C object CMakeFiles/cmTC_6dba7.dir/CheckFunctionExists.c.o
cc1: warning: command line option '-fvisibility-inlines-hidden' is valid for C++/ObjC++ but not for C
[2/2] Linking C executable cmTC_6dba7


